  Assembling Irvine32.asm...
Irvine32.asm(1): error A2044: invalid character in file
Irvine32.asm(17): error A2013: .MODEL must precede this directive
Irvine32.asm(18): error A2034: must be in segment block
Irvine32.asm(19): error A2034: must be in segment block
Irvine32.asm(20): error A2013: .MODEL must precede this directive
Irvine32.asm(21): error A2034: must be in segment block : main
Irvine32.asm(22): error A2034: must be in segment block
Irvine32.asm(23): error A2034: must be in segment block
Irvine32.asm(24): error A2034: must be in segment block
Irvine32.asm(25): error A2034: must be in segment block
Irvine32.asm(26): error A2034: must be in segment block
Irvine32.asm(27): error A2034: must be in segment block
Irvine32.asm(28): error A2034: must be in segment block
Irvine32.asm(29): error A2034: must be in segment block
Irvine32.asm(30): error A2034: must be in segment block
Irvine32.asm(31): error A2034: must be in segment block
Irvine32.asm(32): error A2034: must be in segment block
Irvine32.asm(33): error A2034: must be in segment block
Irvine32.asm(34): error A2034: must be in segment block
Irvine32.asm(35): error A2034: must be in segment block
Irvine32.asm(36): error A2034: must be in segment block
Irvine32.asm(36): error A2034: must be in segment block
Irvine32.asm(36): error A2034: must be in segment block
Irvine32.asm(36): error A2034: must be in segment block
Irvine32.asm(36): error A2034: must be in segment block
Irvine32.asm(36): error A2034: must be in segment block
Irvine32.asm(36): error A2034: must be in segment block
Irvine32.asm(37): error A2034: must be in segment block
Irvine32.asm(38): error A2034: must be in segment block
Irvine32.asm(39): error A2008: syntax error : exit
Irvine32.asm(40): fatal error A1010: unmatched block nesting : main
C:\Program Files\Microsoft Visual Studio\2022\Community\MSBuild\Microsoft\VC\v170\BuildCustomizations\masm.targets(70,5): error MSB3721: The command "ml.exe /c /nologo /Sg /Zi /Fo"Debug\Irvine32.obj" /Fl"Project.lst" /I "c:\Irvine" /W3 /errorReport:prompt  /TaIrvine32.asm" exited with code 1.
